<?xml version="1.0" encoding="UTF-8"?>
<coverage generated="1622075367042" clover="3.2.0">
  <project timestamp="1622075367042" name="All files">
    <metrics statements="18" coveredstatements="17" conditionals="6" coveredconditionals="4" methods="6" coveredmethods="6" elements="30" coveredelements="27" complexity="0" loc="18" ncloc="18" packages="1" files="1" classes="1"/>
    <file name="Operation.ts" path="/Users/davidrodriguezpozo/Desktop/reedsy/combinations-handler/src/model/Operation.ts">
      <metrics statements="18" coveredstatements="17" conditionals="6" coveredconditionals="4" methods="6" coveredmethods="6"/>
      <line num="3" count="1" type="stmt"/>
      <line num="8" count="6" type="stmt"/>
      <line num="12" count="2" type="stmt"/>
      <line num="16" count="2" type="stmt"/>
      <line num="17" count="2" type="stmt"/>
      <line num="18" count="2" type="stmt"/>
      <line num="19" count="2" type="stmt"/>
      <line num="23" count="1" type="stmt"/>
      <line num="27" count="4" type="stmt"/>
      <line num="28" count="4" type="stmt"/>
      <line num="29" count="4" type="stmt"/>
      <line num="30" count="12" type="cond" truecount="2" falsecount="0"/>
      <line num="31" count="6" type="stmt"/>
      <line num="32" count="6" type="cond" truecount="1" falsecount="1"/>
      <line num="33" count="0" type="stmt"/>
      <line num="34" count="6" type="cond" truecount="1" falsecount="1"/>
      <line num="35" count="6" type="stmt"/>
      <line num="38" count="4" type="stmt"/>
    </file>
  </project>
</coverage>
