{"/Users/davidrodriguezpozo/Desktop/reedsy/combinations-handler/src/model/Operation.ts": {"path":"/Users/davidrodriguezpozo/Desktop/reedsy/combinations-handler/src/model/Operation.ts","statementMap":{"0":{"start":{"line":8,"column":8},"end":{"line":8,"column":27}},"1":{"start":{"line":12,"column":8},"end":{"line":12,"column":27}},"2":{"start":{"line":16,"column":30},"end":{"line":16,"column":41}},"3":{"start":{"line":17,"column":32},"end":{"line":17,"column":50}},"4":{"start":{"line":18,"column":25},"end":{"line":18,"column":63}},"5":{"start":{"line":19,"column":8},"end":{"line":19,"column":39}},"6":{"start":{"line":23,"column":8},"end":{"line":23,"column":32}},"7":{"start":{"line":27,"column":32},"end":{"line":27,"column":45}},"8":{"start":{"line":28,"column":21},"end":{"line":28,"column":22}},"9":{"start":{"line":29,"column":8},"end":{"line":37,"column":12}},"10":{"start":{"line":30,"column":12},"end":{"line":36,"column":null}},"11":{"start":{"line":31,"column":16},"end":{"line":31,"column":64}},"12":{"start":{"line":32,"column":19},"end":{"line":36,"column":null}},"13":{"start":{"line":33,"column":16},"end":{"line":33,"column":65}},"14":{"start":{"line":34,"column":19},"end":{"line":36,"column":null}},"15":{"start":{"line":35,"column":16},"end":{"line":35,"column":37}},"16":{"start":{"line":38,"column":8},"end":{"line":38,"column":40}},"17":{"start":{"line":3,"column":0},"end":{"line":3,"column":21}}},"fnMap":{"0":{"name":"(anonymous_0)","decl":{"start":{"line":7,"column":4},"end":{"line":7,"column":23}},"loc":{"start":{"line":7,"column":41},"end":{"line":9,"column":5}}},"1":{"name":"(anonymous_1)","decl":{"start":{"line":11,"column":11},"end":{"line":11,"column":24}},"loc":{"start":{"line":11,"column":24},"end":{"line":13,"column":5}}},"2":{"name":"(anonymous_2)","decl":{"start":{"line":15,"column":11},"end":{"line":15,"column":18}},"loc":{"start":{"line":15,"column":32},"end":{"line":20,"column":5}}},"3":{"name":"(anonymous_3)","decl":{"start":{"line":22,"column":11},"end":{"line":22,"column":17}},"loc":{"start":{"line":22,"column":56},"end":{"line":24,"column":5}}},"4":{"name":"(anonymous_4)","decl":{"start":{"line":26,"column":11},"end":{"line":26,"column":16}},"loc":{"start":{"line":26,"column":28},"end":{"line":39,"column":5}}},"5":{"name":"(anonymous_5)","decl":{"start":{"line":29,"column":30},"end":{"line":29,"column":35}},"loc":{"start":{"line":29,"column":38},"end":{"line":37,"column":9}}}},"branchMap":{"0":{"loc":{"start":{"line":30,"column":12},"end":{"line":36,"column":null}},"type":"if","locations":[{"start":{"line":30,"column":12},"end":{"line":36,"column":null}},{"start":{"line":30,"column":12},"end":{"line":36,"column":null}}]},"1":{"loc":{"start":{"line":32,"column":19},"end":{"line":36,"column":null}},"type":"if","locations":[{"start":{"line":32,"column":19},"end":{"line":36,"column":null}},{"start":{"line":32,"column":19},"end":{"line":36,"column":null}}]},"2":{"loc":{"start":{"line":34,"column":19},"end":{"line":36,"column":null}},"type":"if","locations":[{"start":{"line":34,"column":19},"end":{"line":36,"column":null}},{"start":{"line":34,"column":19},"end":{"line":36,"column":null}}]}},"s":{"0":6,"1":2,"2":2,"3":2,"4":2,"5":2,"6":1,"7":4,"8":4,"9":4,"10":12,"11":6,"12":6,"13":0,"14":6,"15":6,"16":4,"17":1},"f":{"0":6,"1":2,"2":2,"3":1,"4":4,"5":12},"b":{"0":[6,6],"1":[0,6],"2":[6,0]}}
}
