TN:
SF:src/model/Operation.ts
FN:7,(anonymous_0)
FN:11,(anonymous_1)
FN:15,(anonymous_2)
FN:22,(anonymous_3)
FN:26,(anonymous_4)
FN:29,(anonymous_5)
FNF:6
FNH:6
FNDA:6,(anonymous_0)
FNDA:2,(anonymous_1)
FNDA:2,(anonymous_2)
FNDA:1,(anonymous_3)
FNDA:4,(anonymous_4)
FNDA:12,(anonymous_5)
DA:3,1
DA:8,6
DA:12,2
DA:16,2
DA:17,2
DA:18,2
DA:19,2
DA:23,1
DA:27,4
DA:28,4
DA:29,4
DA:30,12
DA:31,6
DA:32,6
DA:33,0
DA:34,6
DA:35,6
DA:38,4
LF:18
LH:17
BRDA:30,0,0,6
BRDA:30,0,1,6
BRDA:32,1,0,0
BRDA:32,1,1,6
BRDA:34,2,0,6
BRDA:34,2,1,0
BRF:6
BRH:4
end_of_record
